<?xml version="1.0" encoding="UTF-8"?>
<testng-results skipped="0" failed="0" total="1" passed="1">
  <reporter-output>
  </reporter-output>
  <suite name="Suite1" duration-ms="14860" started-at="2018-07-29T06:29:47Z" finished-at="2018-07-29T06:30:02Z">
    <groups>
    </groups>
    <test name="GitTest" duration-ms="14860" started-at="2018-07-29T06:29:47Z" finished-at="2018-07-29T06:30:02Z">
      <class name="testcases.loginCases">
        <test-method status="PASS" signature="loginRight()[pri:0, instance:testcases.loginCases@2c6a3f77]" name="loginRight" duration-ms="13604" started-at="2018-07-29T14:29:47Z" finished-at="2018-07-29T14:30:01Z">
          <reporter-output>
          </reporter-output>
        </test-method> <!-- loginRight -->
        <test-method status="PASS" signature="close()[pri:0, instance:testcases.loginCases@2c6a3f77]" name="close" is-config="true" duration-ms="1246" started-at="2018-07-29T14:30:01Z" finished-at="2018-07-29T14:30:02Z">
          <reporter-output>
          </reporter-output>
        </test-method> <!-- close -->
      </class> <!-- testcases.loginCases -->
    </test> <!-- GitTest -->
  </suite> <!-- Suite1 -->
</testng-results>
