<?xml version="1.0" encoding="UTF-8"?>
<testng-results skipped="0" failed="0" total="1" passed="1">
  <reporter-output>
  </reporter-output>
  <suite name="Suite1" duration-ms="14545" started-at="2018-07-29T06:53:53Z" finished-at="2018-07-29T06:54:08Z">
    <groups>
    </groups>
    <test name="GitTest" duration-ms="14545" started-at="2018-07-29T06:53:53Z" finished-at="2018-07-29T06:54:08Z">
      <class name="testcases.loginCases">
        <test-method status="PASS" signature="loginRight()[pri:0, instance:testcases.loginCases@17550481]" name="loginRight" duration-ms="13339" started-at="2018-07-29T14:53:53Z" finished-at="2018-07-29T14:54:07Z">
          <reporter-output>
          </reporter-output>
        </test-method> <!-- loginRight -->
        <test-method status="PASS" signature="close()[pri:0, instance:testcases.loginCases@17550481]" name="close" is-config="true" duration-ms="1195" started-at="2018-07-29T14:54:07Z" finished-at="2018-07-29T14:54:08Z">
          <reporter-output>
          </reporter-output>
        </test-method> <!-- close -->
      </class> <!-- testcases.loginCases -->
    </test> <!-- GitTest -->
  </suite> <!-- Suite1 -->
</testng-results>
